SF:/Users/barreto/Projects/pull_request_coverage/lib/src/di/output_generator_module.dart
DA:12,0
DA:14,0
DA:15,0
DA:16,0
DA:17,0
DA:18,0
DA:19,0
DA:25,0
DA:26,0
LF:9
LH:0
end_of_record
SF:/Users/barreto/Projects/pull_request_coverage/lib/src/di/io_module.dart
DA:9,0
DA:10,0
DA:15,0
DA:18,0
DA:23,0
DA:24,0
LF:6
LH:0
end_of_record
SF:/Users/barreto/Projects/pull_request_coverage/lib/src/di/user_options_module.dart
DA:11,0
DA:13,0
DA:16,0
DA:17,0
DA:18,0
DA:19,0
LF:6
LH:0
end_of_record
SF:/Users/barreto/Projects/pull_request_coverage/lib/src/di/analyze_module.dart
DA:20,0
DA:21,0
DA:28,0
DA:29,0
DA:30,0
DA:31,0
DA:32,0
DA:35,0
DA:37,0
DA:38,0
DA:40,0
DA:41,0
LF:12
LH:0
end_of_record
SF:/Users/barreto/Projects/pull_request_coverage/lib/src/extensions/string.dart
DA:4,1
DA:5,1
DA:6,1
DA:13,0
DA:15,0
DA:16,0
DA:18,0
LF:7
LH:3
end_of_record
SF:/Users/barreto/Projects/pull_request_coverage/lib/src/extensions/file.dart
DA:4,1
DA:5,4
LF:2
LH:2
end_of_record
SF:/Users/barreto/Projects/pull_request_coverage/lib/src/data/io/repository/io_repository_impl.dart
DA:16,1
DA:22,0
DA:25,0
DA:32,1
DA:34,2
DA:37,2
DA:38,2
DA:39,6
DA:43,3
DA:44,1
DA:45,4
DA:49,1
DA:51,6
DA:52,3
DA:59,0
DA:61,0
LF:16
LH:12
end_of_record
SF:/Users/barreto/Projects/pull_request_coverage/lib/src/data/user_options/data_source/options_getters.dart
DA:9,2
DA:11,1
DA:12,2
DA:13,1
DA:21,0
DA:23,0
DA:26,0
DA:28,0
DA:31,0
DA:33,0
DA:36,0
DA:38,0
DA:41,1
DA:43,3
DA:46,0
DA:48,0
DA:51,0
DA:52,0
LF:18
LH:6
end_of_record
SF:/Users/barreto/Projects/pull_request_coverage/lib/src/data/user_options/data_source/yaml_data_source.dart
DA:8,1
DA:9,1
DA:10,0
DA:12,1
DA:15,1
DA:16,2
DA:19,1
DA:20,2
DA:21,2
DA:23,1
DA:26,0
DA:33,0
DA:35,0
DA:39,0
DA:42,1
DA:44,1
DA:47,1
DA:49,1
DA:53,3
DA:56,1
DA:58,1
DA:61,1
DA:63,1
DA:64,1
DA:67,1
DA:68,1
DA:74,1
DA:76,1
DA:77,1
DA:80,0
DA:81,0
LF:31
LH:24
end_of_record
SF:/Users/barreto/Projects/pull_request_coverage/lib/src/data/user_options/data_source/arg_data_source.dart
DA:10,1
DA:14,1
DA:15,1
DA:16,0
DA:18,1
DA:21,1
DA:22,2
DA:23,2
DA:24,2
DA:26,1
DA:27,1
DA:31,3
DA:34,1
DA:36,2
DA:37,2
DA:45,1
DA:47,1
DA:51,1
DA:54,1
DA:56,3
DA:59,1
DA:61,1
DA:62,1
DA:65,1
DA:67,1
DA:68,1
DA:71,1
DA:73,1
DA:74,1
LF:29
LH:28
end_of_record
SF:/Users/barreto/Projects/pull_request_coverage/lib/src/data/user_options/user_options_repository_impl.dart
DA:20,0
DA:27,0
DA:29,0
DA:31,0
DA:35,0
DA:36,0
DA:38,0
DA:39,0
DA:40,0
DA:41,0
DA:42,0
DA:44,0
DA:48,0
DA:49,0
DA:50,0
DA:52,0
DA:54,0
DA:57,0
DA:61,0
DA:63,0
DA:65,0
DA:66,0
DA:68,0
DA:69,0
DA:70,0
DA:71,0
DA:72,0
DA:73,0
DA:74,0
DA:75,0
DA:76,0
DA:77,0
DA:78,0
DA:79,0
DA:80,0
DA:81,0
DA:83,0
DA:84,0
DA:85,0
DA:86,0
DA:87,0
DA:91,0
LF:42
LH:0
end_of_record
SF:/Users/barreto/Projects/pull_request_coverage/lib/src/domain/input_reader/locv_reader/get_uncovered_file_lines.dart
DA:5,1
DA:6,2
DA:10,1
DA:11,1
DA:12,1
DA:14,1
DA:16,3
DA:23,1
DA:25,3
DA:26,1
DA:27,1
DA:28,1
DA:29,4
DA:30,1
DA:31,1
DA:34,1
DA:35,4
DA:36,2
DA:37,2
DA:39,1
DA:45,0
DA:47,0
LF:22
LH:20
end_of_record
SF:/Users/barreto/Projects/pull_request_coverage/lib/src/domain/input_reader/diff_reader/use_case/for_each_file_on_git_diff.dart
DA:5,1
DA:7,1
DA:8,2
DA:12,1
DA:14,2
DA:16,1
DA:17,1
DA:21,1
DA:22,1
DA:23,1
DA:25,1
LF:11
LH:11
end_of_record
SF:/Users/barreto/Projects/pull_request_coverage/lib/src/domain/input_reader/diff_reader/use_case/parse_git_diff.dart
DA:11,1
DA:13,1
DA:15,5
DA:16,1
DA:19,1
DA:20,3
DA:21,3
DA:22,1
DA:24,1
DA:25,2
DA:27,3
DA:28,1
DA:29,1
DA:30,3
DA:33,1
DA:34,1
DA:35,1
DA:36,1
DA:37,1
DA:39,1
DA:45,4
DA:46,1
DA:48,2
LF:23
LH:23
end_of_record
SF:/Users/barreto/Projects/pull_request_coverage/lib/src/domain/input_reader/diff_reader/use_case/remove_git_root_relative_path.dart
DA:14,0
DA:16,0
DA:17,0
DA:18,0
DA:22,0
LF:5
LH:0
end_of_record
SF:/Users/barreto/Projects/pull_request_coverage/lib/src/domain/input_reader/diff_reader/models/file_diff.dart
DA:8,0
DA:10,0
DA:11,0
DA:12,0
DA:14,3
LF:5
LH:1
end_of_record
SF:/Users/barreto/Projects/pull_request_coverage/lib/src/domain/input_reader/diff_reader/models/file_line.dart
DA:12,2
DA:20,4
DA:22,6
DA:24,0
DA:25,0
LF:5
LH:3
end_of_record
SF:/Users/barreto/Projects/pull_request_coverage/lib/src/domain/io/use_case/get_or_fail_lcov_lines.dart
DA:7,0
DA:9,0
DA:12,0
DA:13,0
DA:15,0
DA:19,0
DA:25,0
LF:7
LH:0
end_of_record
SF:/Users/barreto/Projects/pull_request_coverage/lib/src/domain/io/use_case/read_line_from_stdin.dart
DA:8,0
DA:10,0
LF:2
LH:0
end_of_record
SF:/Users/barreto/Projects/pull_request_coverage/lib/src/domain/user_options/use_case/get_or_fail_user_options.dart
DA:11,0
DA:13,0
DA:14,0
DA:15,0
DA:16,0
DA:19,0
DA:20,0
LF:7
LH:0
end_of_record
SF:/Users/barreto/Projects/pull_request_coverage/lib/src/domain/user_options/models/user_options.dart
DA:24,0
LF:1
LH:0
end_of_record
SF:/Users/barreto/Projects/pull_request_coverage/lib/src/domain/user_options/user_options_args.dart
DA:9,10
LF:1
LH:1
end_of_record
SF:/Users/barreto/Projects/pull_request_coverage/lib/src/domain/common/pair.dart
DA:5,0
LF:1
LH:0
end_of_record
SF:/Users/barreto/Projects/pull_request_coverage/lib/src/domain/common/result.dart
DA:8,0
DA:13,0
LF:2
LH:0
end_of_record
SF:/Users/barreto/Projects/pull_request_coverage/lib/src/domain/analyzer/use_case/set_file_line_result_data.dart
DA:9,0
DA:11,0
DA:12,0
DA:13,0
DA:14,0
LF:5
LH:0
end_of_record
SF:/Users/barreto/Projects/pull_request_coverage/lib/src/domain/analyzer/use_case/is_an_ignored_file.dart
DA:6,0
DA:8,0
DA:9,0
LF:3
LH:0
end_of_record
SF:/Users/barreto/Projects/pull_request_coverage/lib/src/domain/analyzer/use_case/should_analyze_this_line.dart
DA:4,0
DA:5,0
DA:6,0
DA:7,0
LF:4
LH:0
end_of_record
SF:/Users/barreto/Projects/pull_request_coverage/lib/src/domain/analyzer/use_case/is_a_file_from_project.dart
DA:2,0
DA:3,0
LF:2
LH:0
end_of_record
SF:/Users/barreto/Projects/pull_request_coverage/lib/src/domain/analyzer/use_case/is_a_generated_file.dart
DA:6,0
DA:8,0
DA:9,0
LF:3
LH:0
end_of_record
SF:/Users/barreto/Projects/pull_request_coverage/lib/src/domain/analyzer/use_case/analyze.dart
DA:24,1
DA:36,1
DA:41,3
DA:42,2
DA:43,6
DA:44,3
DA:45,4
DA:47,2
DA:49,6
DA:50,6
DA:52,4
DA:53,6
DA:54,1
DA:57,2
DA:60,1
DA:66,2
DA:67,2
LF:17
LH:17
end_of_record
SF:/Users/barreto/Projects/pull_request_coverage/lib/src/domain/analyzer/use_case/get_exit_code.dart
DA:6,0
DA:7,0
DA:8,0
DA:12,0
DA:13,0
LF:5
LH:0
end_of_record
SF:/Users/barreto/Projects/pull_request_coverage/lib/src/domain/analyzer/models/analysis_result.dart
DA:7,1
DA:11,2
LF:2
LH:2
end_of_record
SF:/Users/barreto/Projects/pull_request_coverage/lib/src/presentation/logger/logger.dart
DA:8,0
DA:10,0
DA:14,0
DA:19,0
DA:25,0
DA:26,0
DA:30,0
DA:34,0
DA:35,0
DA:39,0
DA:44,0
DA:45,0
DA:49,0
DA:53,0
DA:54,0
LF:15
LH:0
end_of_record
SF:/Users/barreto/Projects/pull_request_coverage/lib/src/presentation/use_case/print_warnings_for_unexpected_file_structure.dart
DA:7,0
DA:9,0
DA:10,0
DA:13,0
DA:18,0
DA:21,0
LF:6
LH:0
end_of_record
SF:/Users/barreto/Projects/pull_request_coverage/lib/src/presentation/use_case/colorize_cli_text.dart
DA:4,0
DA:6,0
DA:7,0
DA:8,0
LF:4
LH:0
end_of_record
SF:/Users/barreto/Projects/pull_request_coverage/lib/src/presentation/output_print_generator/plain_text_output_generator.dart
DA:29,0
DA:32,0
DA:33,0
DA:35,0
DA:36,0
DA:37,0
DA:38,0
DA:39,0
DA:40,0
DA:41,0
DA:42,0
DA:43,0
DA:44,0
DA:48,0
DA:51,0
DA:53,0
DA:54,0
DA:56,0
DA:59,0
DA:60,0
DA:61,0
DA:62,0
DA:63,0
DA:66,0
DA:67,0
DA:74,0
DA:75,0
DA:77,0
DA:78,0
DA:81,0
DA:83,0
DA:84,0
DA:88,0
DA:90,0
LF:34
LH:0
end_of_record
SF:/Users/barreto/Projects/pull_request_coverage/lib/src/presentation/output_print_generator/cli_output_generator.dart
DA:15,0
DA:25,0
DA:26,0
DA:28,0
DA:31,0
DA:34,0
DA:37,0
DA:39,0
DA:40,0
DA:41,0
DA:42,0
DA:43,0
DA:44,0
DA:45,0
DA:46,0
DA:47,0
DA:51,0
DA:54,0
DA:57,0
DA:59,0
DA:63,0
DA:65,0
DA:66,0
DA:69,0
DA:72,0
LF:25
LH:0
end_of_record
SF:/Users/barreto/Projects/pull_request_coverage/lib/src/presentation/output_print_generator/table_builder.dart
DA:9,0
DA:11,0
DA:15,0
DA:16,0
DA:17,0
DA:19,0
DA:22,0
DA:23,0
DA:24,0
DA:25,0
DA:28,0
DA:29,0
DA:30,0
DA:32,0
DA:33,0
DA:36,0
DA:37,0
DA:38,0
DA:39,0
DA:43,0
DA:44,0
DA:45,0
DA:46,0
DA:48,0
DA:49,0
DA:50,0
DA:53,0
DA:54,0
DA:55,0
DA:56,0
DA:57,0
DA:58,0
DA:59,0
DA:62,0
DA:64,0
DA:65,0
DA:66,0
DA:67,0
DA:68,0
DA:69,0
DA:70,0
DA:73,0
DA:75,0
LF:43
LH:0
end_of_record
SF:/Users/barreto/Projects/pull_request_coverage/lib/src/presentation/output_print_generator/markdown_output_generator.dart
DA:12,0
DA:21,0
DA:22,0
DA:24,0
DA:25,0
DA:27,0
DA:30,0
DA:32,0
DA:35,0
DA:36,0
DA:38,0
DA:41,0
DA:42,0
DA:44,0
DA:47,0
DA:48,0
DA:50,0
DA:55,0
DA:57,0
DA:58,0
DA:60,0
DA:63,0
LF:22
LH:0
end_of_record
SF:/Users/barreto/Projects/pull_request_coverage/lib/src/presentation/output_print_generator/get_result_table.dart
DA:12,0
DA:14,0
DA:15,0
DA:16,0
DA:18,0
DA:20,0
DA:22,0
DA:23,0
DA:26,0
DA:27,0
DA:29,0
DA:30,0
DA:32,0
DA:33,0
DA:34,0
DA:35,0
DA:36,0
DA:37,0
DA:39,0
LF:19
LH:0
end_of_record
