SF:lib/src/extensions/string.dart
DA:2,0
DA:3,0
DA:4,0
LF:3
LH:0
end_of_record
SF:lib/src/data/user_options/user_options_repository_impl.dart
DA:14,0
DA:18,0
DA:19,0
DA:22,0
DA:23,0
DA:29,0
DA:34,0
DA:39,0
DA:43,0
DA:47,0
DA:51,0
DA:55,0
DA:59,0
DA:62,0
DA:64,0
DA:67,0
DA:69,0
DA:75,0
DA:78,0
DA:79,0
DA:81,0
DA:82,0
DA:83,0
DA:84,0
DA:85,0
DA:86,0
DA:87,0
DA:88,0
DA:89,0
DA:90,0
DA:91,0
DA:92,0
DA:93,0
DA:97,0
LF:34
LH:0
end_of_record
SF:lib/src/domain/stdin_reader/use_case/read_line_from_stdin.dart
DA:6,0
DA:9,0
DA:11,0
LF:3
LH:0
end_of_record
SF:lib/src/domain/input_reader/locv_reader/get_uncoverd_file_lines.dart
DA:3,1
DA:5,3
DA:6,1
DA:7,2
DA:8,1
DA:9,4
DA:10,1
DA:11,1
DA:14,1
DA:15,4
DA:16,2
DA:17,2
DA:19,1
LF:13
LH:13
end_of_record
SF:lib/src/domain/input_reader/diff_reader/use_case/for_each_file_on_git_diff.dart
DA:5,1
DA:7,1
DA:8,2
DA:12,1
DA:14,2
DA:16,1
DA:17,1
DA:21,1
DA:22,1
DA:23,1
DA:25,1
LF:11
LH:11
end_of_record
SF:lib/src/domain/input_reader/diff_reader/use_case/parse_git_hub_diff.dart
DA:7,0
DA:9,0
DA:10,0
DA:13,0
DA:14,0
DA:15,0
DA:16,0
DA:18,0
DA:19,0
DA:21,0
DA:22,0
DA:23,0
DA:24,0
DA:27,0
DA:28,0
DA:29,0
DA:30,0
DA:31,0
DA:33,0
DA:38,0
DA:40,0
LF:21
LH:0
end_of_record
SF:lib/src/domain/input_reader/diff_reader/models/file_diff.dart
DA:8,0
DA:10,0
DA:11,0
DA:13,2
LF:4
LH:1
end_of_record
SF:lib/src/domain/input_reader/diff_reader/models/file_line.dart
DA:11,1
DA:18,3
DA:20,0
DA:21,0
LF:4
LH:2
end_of_record
SF:lib/src/domain/user_options/models/user_options.dart
DA:18,0
LF:1
LH:0
end_of_record
SF:lib/src/domain/common/pair.dart
DA:5,0
LF:1
LH:0
end_of_record
SF:lib/src/domain/common/result.dart
DA:6,0
DA:11,0
LF:2
LH:0
end_of_record
SF:lib/src/domain/analyser/use_case/should_analyse_this_file.dart
DA:6,0
DA:8,0
DA:9,0
LF:3
LH:0
end_of_record
SF:lib/src/domain/analyser/use_case/analyze.dart
DA:20,1
DA:30,1
DA:34,3
DA:35,2
DA:36,3
DA:37,4
DA:39,2
DA:40,6
DA:41,6
DA:43,2
DA:46,1
LF:11
LH:11
end_of_record
SF:lib/src/domain/analyser/use_case/set_uncoverd_lines_on_file_diff.dart
DA:4,0
DA:5,0
DA:6,0
DA:7,0
LF:4
LH:0
end_of_record
SF:lib/src/domain/analyser/use_case/get_exit_code.dart
DA:6,0
DA:7,0
DA:11,0
LF:3
LH:0
end_of_record
SF:lib/src/domain/analyser/models/analysis_result.dart
DA:6,1
DA:9,2
LF:2
LH:2
end_of_record
SF:lib/src/presentation/use_case/print_result_for_file.dart
DA:14,0
DA:20,0
DA:21,0
DA:22,0
DA:24,0
DA:27,0
DA:28,0
DA:29,0
DA:30,0
DA:31,0
DA:34,0
DA:35,0
DA:42,0
DA:43,0
DA:45,0
DA:46,0
DA:49,0
DA:51,0
DA:52,0
LF:19
LH:0
end_of_record
SF:lib/src/presentation/use_case/colorize_cli_text.dart
DA:4,0
DA:6,0
DA:7,0
DA:8,0
LF:4
LH:0
end_of_record
SF:lib/src/presentation/output_print_generator/cli_output_generator.dart
DA:11,1
DA:17,1
DA:20,1
DA:23,1
DA:26,1
DA:28,1
DA:29,1
DA:30,1
DA:34,1
DA:37,1
DA:40,1
DA:42,1
DA:46,1
DA:48,1
DA:52,1
DA:54,1
DA:56,1
DA:57,1
DA:58,1
DA:59,1
DA:61,1
DA:63,1
DA:64,1
DA:65,1
DA:67,1
LF:25
LH:0
end_of_record
SF:lib/src/presentation/output_print_generator/cli_table_builder.dart
DA:8,1
DA:12,1
DA:13,1
DA:14,1
DA:16,1
DA:19,1
DA:20,1
DA:21,1
DA:22,1
DA:25,1
DA:26,1
DA:27,1
DA:28,0
DA:29,0
DA:30,0
DA:31,0
DA:35,1
DA:37,1
DA:38,1
DA:39,1
DA:41,1
DA:42,1
DA:44,1
DA:45,1
DA:46,0
DA:47,0
DA:50,1
DA:51,1
DA:52,1
DA:53,1
DA:54,1
DA:57,1
LF:32
LH:0
end_of_record
SF:lib/src/presentation/output_print_generator/markdown_output_generator.dart
DA:10,1
DA:16,1
DA:17,1
DA:19,1
DA:22,1
DA:24,1
DA:27,1
DA:29,1
DA:30,1
DA:31,1
DA:35,1
DA:38,1
DA:41,1
DA:42,1
DA:44,1
DA:47,1
DA:48,1
DA:50,1
DA:55,1
DA:57,1
DA:61,1
DA:62,1
DA:64,1
DA:66,1
DA:67,1
DA:68,1
DA:69,1
DA:71,1
DA:72,1
DA:73,1
DA:74,1
DA:75,1
DA:76,1
DA:78,1
LF:34
LH:0
end_of_record
