SF:lib/domain/input_reader/diff_reader/use_case/for_each_file_on_git_diff.dart
DA:4,1
DA:6,1
DA:7,2
DA:11,1
DA:13,2
DA:15,1
DA:16,1
DA:20,1
DA:21,1
DA:22,1
DA:24,1
LF:11
LH:11
end_of_record
SF:lib/data/user_options/user_options_repository_impl.dart
DA:12,0
DA:14,0
DA:15,0
DA:20,0
DA:21,0
DA:24,0
DA:25,0
DA:31,0
DA:36,0
DA:41,0
DA:45,0
DA:49,0
DA:56,0
DA:59,0
DA:60,0
DA:62,0
DA:63,0
DA:64,0
DA:65,0
DA:66,0
DA:67,0
DA:68,0
DA:69,0
DA:73,0
LF:24
LH:0
end_of_record
SF:lib/domain/input_reader/locv_reader/get_uncoverd_file_lines.dart
DA:2,1
DA:3,3
DA:4,1
DA:5,2
DA:6,1
DA:7,4
DA:8,1
DA:9,1
DA:12,1
DA:13,4
DA:14,2
DA:15,2
DA:17,1
LF:13
LH:13
end_of_record
SF:lib/domain/input_reader/diff_reader/use_case/convert_file_diff_from_git_diff_to_file_diff.dart
DA:6,0
DA:8,0
DA:9,0
DA:12,0
DA:13,0
DA:14,0
DA:15,0
DA:17,0
DA:18,0
DA:20,0
DA:21,0
DA:22,0
DA:23,0
DA:26,0
DA:27,0
DA:28,0
DA:29,0
DA:32,0
DA:37,0
DA:39,0
LF:20
LH:0
end_of_record
SF:lib/domain/input_reader/diff_reader/models/file_diff.dart
DA:8,0
DA:10,0
LF:2
LH:0
end_of_record
SF:lib/domain/input_reader/diff_reader/models/file_line.dart
DA:7,0
DA:14,0
DA:16,0
DA:17,0
LF:4
LH:0
end_of_record
SF:lib/domain/user_options/models/user_options.dart
DA:9,0
LF:1
LH:0
end_of_record
SF:lib/domain/common/pair.dart
DA:5,0
LF:1
LH:0
end_of_record
SF:lib/domain/common/result.dart
DA:6,0
DA:11,0
LF:2
LH:0
end_of_record
SF:lib/domain/analyser/use_case/should_analyse_this_file.dart
DA:6,0
DA:8,0
DA:9,0
LF:3
LH:0
end_of_record
SF:lib/domain/analyser/use_case/analyze.dart
DA:19,0
DA:30,0
DA:34,0
DA:35,0
DA:36,0
DA:37,0
DA:38,0
DA:40,0
DA:41,0
DA:42,0
DA:44,0
DA:45,0
DA:49,0
DA:52,0
LF:14
LH:0
end_of_record
SF:lib/domain/analyser/use_case/set_uncoverd_lines_on_file_diff.dart
DA:4,0
DA:5,0
DA:6,0
DA:7,0
LF:4
LH:0
end_of_record
SF:lib/domain/analyser/use_case/get_exit_code.dart
DA:6,0
DA:7,0
DA:11,0
LF:3
LH:0
end_of_record
SF:lib/domain/analyser/models/analysis_result.dart
DA:6,0
LF:1
LH:0
end_of_record
SF:lib/domain/presentation/use_case/print_analyze_result.dart
DA:7,0
DA:9,0
DA:10,0
DA:11,0
DA:12,0
DA:14,0
DA:16,0
DA:19,0
DA:21,0
DA:22,0
DA:23,0
LF:11
LH:0
end_of_record
SF:lib/domain/presentation/use_case/print_result_for_file.dart
DA:6,0
DA:8,0
DA:9,0
DA:10,0
DA:11,0
DA:12,0
DA:13,0
DA:14,0
DA:17,0
LF:9
LH:0
end_of_record
